<?xml version="1.0" encoding="UTF-8"?>
<!-- Generated by org.testng.reporters.JUnitReportReporter -->
<testsuite hostname="LAPTOP-NNVAC8JE" failures="0" tests="2" name="BDD.Cucumber.TestRunner" time="14.480" errors="0" timestamp="2024-11-12T11:51:01 IST" skipped="0">
  <testcase classname="BDD.Cucumber.TestRunner" name="runScenario" time="10.178"/>
  <system-out/>
  <testcase classname="BDD.Cucumber.TestRunner" name="runScenario" time="4.302"/>
  <system-out/>
</testsuite> <!-- BDD.Cucumber.TestRunner -->
